2018-11-06T08:47:18+00:00 DEBUG 
====Stripe Version: 4.1.12====
====Start Log====
Keys are not set correctly.
====End Log====


2018-11-06T08:48:10+00:00 DEBUG 
====Stripe Version: 4.1.12====
====Start Log====
Keys are not set correctly.
====End Log====


2018-11-06T08:48:22+00:00 DEBUG 
====Stripe Version: 4.1.12====
====Start Log====
Keys are not set correctly.
====End Log====


2018-11-06T08:48:34+00:00 DEBUG 
====Stripe Version: 4.1.12====
====Start Log====
Keys are not set correctly.
====End Log====


